<?xml version="1.0" encoding="UTF-8"?>
<!-- Generated by org.testng.reporters.JUnitReportReporter -->
<testsuite hostname="Ved" failures="0" tests="1" name="com.CRM.TestCases.LoginPageTestCases" time="1.338" errors="0" timestamp="2025-01-24T15:52:28 IST" skipped="0">
  <testcase classname="com.CRM.TestCases.LoginPageTestCases" name="validateLogin" time="1.338"/>
  <system-out/>
</testsuite> <!-- com.CRM.TestCases.LoginPageTestCases -->
