<?xml version="1.0" encoding="UTF-8"?>
<!-- Generated by org.testng.reporters.JUnitReportReporter -->
<testsuite hostname="Ved" failures="0" tests="3" name="com.CRM.TestCases.HomePageTestCases" time="1.100" errors="0" timestamp="2025-01-24T15:52:28 IST" skipped="0">
  <testcase classname="com.CRM.TestCases.HomePageTestCases" name="verifyUrl" time="0.014"/>
  <system-out/>
  <testcase classname="com.CRM.TestCases.HomePageTestCases" name="verifyTitle" time="0.006"/>
  <system-out/>
  <testcase classname="com.CRM.TestCases.HomePageTestCases" name="validateSignInLink" time="1.080"/>
  <system-out/>
</testsuite> <!-- com.CRM.TestCases.HomePageTestCases -->
