<?xml version="1.0" encoding="UTF-8"?>
<!-- Generated by org.testng.reporters.JUnitReportReporter -->
<testsuite hostname="Ved" failures="0" tests="3" name="com.CRM.TestCases.HomePageTestCases" time="1.152" errors="0" timestamp="2025-01-19T12:59:19 IST" skipped="0">
  <testcase classname="com.CRM.TestCases.HomePageTestCases" name="verifyUrl" time="0.011"/>
  <system-out/>
  <testcase classname="com.CRM.TestCases.HomePageTestCases" name="verifyTitle" time="0.005"/>
  <system-out/>
  <testcase classname="com.CRM.TestCases.HomePageTestCases" name="validateSignInLink" time="1.136"/>
  <system-out/>
</testsuite> <!-- com.CRM.TestCases.HomePageTestCases -->
